<?xml version="1.0" encoding="UTF-8"?>
<testsuite xmlns:xsi="http://www.w3.org/2001/XMLSchema-instance" xsi:noNamespaceSchemaLocation="https://maven.apache.org/surefire/maven-surefire-plugin/xsd/surefire-test-report.xsd" name="options.CucumberTests" time="8.416" tests="5" errors="0" skipped="0" failures="0">
  <properties>
[...]
</properties>
  <testcase name="Given I prepare request for OpenWeather api" classname="| 10 |" time="0.009"/>
  <testcase name="When I request OpenWeather api to know the weather of Sydney" classname="| 10 |" time="0"/>
  <testcase name="Then the status code is 200" classname="| 10 |" time="0"/>
  <testcase name="And I should see the dates which has temperature greater than 10 on THURSDAY" classname="| 10 |" time="0"/>
  <testcase name="| 10 |" classname="| 10 |" time="0"/>
</testsuite>